Collecting fastapi>=0.100.0 (from -r requirements.txt (line 1))
  Downloading fastapi-0.139.0-py3-none-any.whl.metadata (26 kB)
Collecting uvicorn>=0.22.0 (from -r requirements.txt (line 2))
  Downloading uvicorn-0.50.2-py3-none-any.whl.metadata (6.7 kB)
Collecting pydantic>=2.0 (from pydantic[email]>=2.0->-r requirements.txt (line 3))
  Downloading pydantic-2.13.4-py3-none-any.whl.metadata (109 kB)
Collecting sqlalchemy>=2.0 (from -r requirements.txt (line 4))
  Downloading sqlalchemy-2.0.51-cp313-cp313-win_amd64.whl.metadata (9.8 kB)
Collecting passlib>=1.7.4 (from passlib[bcrypt]>=1.7.4->-r requirements.txt (line 5))
  Downloading passlib-1.7.4-py2.py3-none-any.whl.metadata (1.7 kB)
Collecting python-jose>=3.3.0 (from python-jose[cryptography]>=3.3.0->-r requirements.txt (line 6))
  Downloading python_jose-3.5.0-py2.py3-none-any.whl.metadata (5.5 kB)
Collecting python-multipart>=0.0.6 (from -r requirements.txt (line 7))
  Downloading python_multipart-0.0.32-py3-none-any.whl.metadata (2.1 kB)
Collecting pytest>=7.0.0 (from -r requirements.txt (line 8))
  Downloading pytest-9.1.1-py3-none-any.whl.metadata (7.6 kB)
Collecting python-dotenv>=1.0.0 (from -r requirements.txt (line 9))
  Downloading python_dotenv-1.2.2-py3-none-any.whl.metadata (27 kB)
Collecting starlette>=0.46.0 (from fastapi>=0.100.0->-r requirements.txt (line 1))
  Downloading starlette-1.3.1-py3-none-any.whl.metadata (6.4 kB)
Collecting typing-extensions>=4.8.0 (from fastapi>=0.100.0->-r requirements.txt (line 1))
  Downloading typing_extensions-4.16.0-py3-none-any.whl.metadata (3.3 kB)
Collecting typing-inspection>=0.4.2 (from fastapi>=0.100.0->-r requirements.txt (line 1))
  Downloading typing_inspection-0.4.2-py3-none-any.whl.metadata (2.6 kB)
Collecting annotated-doc>=0.0.2 (from fastapi>=0.100.0->-r requirements.txt (line 1))
  Downloading annotated_doc-0.0.4-py3-none-any.whl.metadata (6.6 kB)
Collecting click>=7.0 (from uvicorn>=0.22.0->-r requirements.txt (line 2))
  Downloading click-8.4.2-py3-none-any.whl.metadata (2.6 kB)
Collecting h11>=0.8 (from uvicorn>=0.22.0->-r requirements.txt (line 2))
  Downloading h11-0.16.0-py3-none-any.whl.metadata (8.3 kB)
Collecting annotated-types>=0.6.0 (from pydantic>=2.0->pydantic[email]>=2.0->-r requirements.txt (line 3))
  Downloading annotated_types-0.7.0-py3-none-any.whl.metadata (15 kB)
Collecting pydantic-core==2.46.4 (from pydantic>=2.0->pydantic[email]>=2.0->-r requirements.txt (line 3))
  Downloading pydantic_core-2.46.4-cp313-cp313-win_amd64.whl.metadata (6.7 kB)
Collecting greenlet>=1 (from sqlalchemy>=2.0->-r requirements.txt (line 4))
  Downloading greenlet-3.5.3-cp313-cp313-win_amd64.whl.metadata (3.9 kB)
Collecting ecdsa!=0.15 (from python-jose>=3.3.0->python-jose[cryptography]>=3.3.0->-r requirements.txt (line 6))
  Downloading ecdsa-0.19.2-py2.py3-none-any.whl.metadata (29 kB)
Collecting rsa!=4.1.1,!=4.4,<5.0,>=4.0 (from python-jose>=3.3.0->python-jose[cryptography]>=3.3.0->-r requirements.txt (line 6))
  Downloading rsa-4.9.1-py3-none-any.whl.metadata (5.6 kB)
Collecting pyasn1>=0.5.0 (from python-jose>=3.3.0->python-jose[cryptography]>=3.3.0->-r requirements.txt (line 6))
  Downloading pyasn1-0.6.3-py3-none-any.whl.metadata (8.4 kB)
Collecting colorama>=0.4 (from pytest>=7.0.0->-r requirements.txt (line 8))
  Downloading colorama-0.4.6-py2.py3-none-any.whl.metadata (17 kB)
Collecting iniconfig>=1.0.1 (from pytest>=7.0.0->-r requirements.txt (line 8))
  Downloading iniconfig-2.3.0-py3-none-any.whl.metadata (2.5 kB)
Collecting packaging>=22 (from pytest>=7.0.0->-r requirements.txt (line 8))
  Downloading packaging-26.2-py3-none-any.whl.metadata (3.5 kB)
Collecting pluggy<2,>=1.5 (from pytest>=7.0.0->-r requirements.txt (line 8))
  Downloading pluggy-1.6.0-py3-none-any.whl.metadata (4.8 kB)
Collecting pygments>=2.7.2 (from pytest>=7.0.0->-r requirements.txt (line 8))
  Downloading pygments-2.20.0-py3-none-any.whl.metadata (2.5 kB)
Collecting six>=1.9.0 (from ecdsa!=0.15->python-jose>=3.3.0->python-jose[cryptography]>=3.3.0->-r requirements.txt (line 6))
  Downloading six-1.17.0-py2.py3-none-any.whl.metadata (1.7 kB)
Collecting bcrypt>=3.1.0 (from passlib[bcrypt]>=1.7.4->-r requirements.txt (line 5))
  Downloading bcrypt-5.0.0-cp39-abi3-win_amd64.whl.metadata (10 kB)
Collecting email-validator>=2.0.0 (from pydantic[email]>=2.0->-r requirements.txt (line 3))
  Downloading email_validator-2.3.0-py3-none-any.whl.metadata (26 kB)
Collecting dnspython>=2.0.0 (from email-validator>=2.0.0->pydantic[email]>=2.0->-r requirements.txt (line 3))
  Downloading dnspython-2.8.0-py3-none-any.whl.metadata (5.7 kB)
Collecting idna>=2.0.0 (from email-validator>=2.0.0->pydantic[email]>=2.0->-r requirements.txt (line 3))
  Downloading idna-3.18-py3-none-any.whl.metadata (6.1 kB)
Collecting cryptography>=3.4.0 (from python-jose[cryptography]>=3.3.0->-r requirements.txt (line 6))
  Downloading cryptography-49.0.0-cp311-abi3-win_amd64.whl.metadata (4.3 kB)
Collecting cffi>=2.0.0 (from cryptography>=3.4.0->python-jose[cryptography]>=3.3.0->-r requirements.txt (line 6))
  Downloading cffi-2.1.0-cp313-cp313-win_amd64.whl.metadata (2.6 kB)
Collecting pycparser (from cffi>=2.0.0->cryptography>=3.4.0->python-jose[cryptography]>=3.3.0->-r requirements.txt (line 6))
  Downloading pycparser-3.0-py3-none-any.whl.metadata (8.2 kB)
Collecting anyio<5,>=3.6.2 (from starlette>=0.46.0->fastapi>=0.100.0->-r requirements.txt (line 1))
  Downloading anyio-4.14.1-py3-none-any.whl.metadata (4.6 kB)
Downloading fastapi-0.139.0-py3-none-any.whl (130 kB)
Downloading uvicorn-0.50.2-py3-none-any.whl (72 kB)
Downloading pydantic-2.13.4-py3-none-any.whl (472 kB)
Downloading pydantic_core-2.46.4-cp313-cp313-win_amd64.whl (2.1 MB)
   ---------------------------------------- 2.1/2.1 MB 9.7 MB/s  0:00:00
Downloading sqlalchemy-2.0.51-cp313-cp313-win_amd64.whl (2.1 MB)
   ---------------------------------------- 2.1/2.1 MB 11.0 MB/s  0:00:00
Downloading passlib-1.7.4-py2.py3-none-any.whl (525 kB)
   ---------------------------------------- 525.6/525.6 kB 6.4 MB/s  0:00:00
Downloading python_jose-3.5.0-py2.py3-none-any.whl (34 kB)
Downloading rsa-4.9.1-py3-none-any.whl (34 kB)
Downloading python_multipart-0.0.32-py3-none-any.whl (30 kB)
Downloading pytest-9.1.1-py3-none-any.whl (386 kB)
Downloading pluggy-1.6.0-py3-none-any.whl (20 kB)
Downloading python_dotenv-1.2.2-py3-none-any.whl (22 kB)
Downloading annotated_doc-0.0.4-py3-none-any.whl (5.3 kB)
Downloading annotated_types-0.7.0-py3-none-any.whl (13 kB)
Downloading click-8.4.2-py3-none-any.whl (119 kB)
Downloading colorama-0.4.6-py2.py3-none-any.whl (25 kB)
Downloading ecdsa-0.19.2-py2.py3-none-any.whl (150 kB)
Downloading greenlet-3.5.3-cp313-cp313-win_amd64.whl (239 kB)
Downloading h11-0.16.0-py3-none-any.whl (37 kB)
Downloading iniconfig-2.3.0-py3-none-any.whl (7.5 kB)
Downloading packaging-26.2-py3-none-any.whl (100 kB)
Downloading bcrypt-5.0.0-cp39-abi3-win_amd64.whl (150 kB)
Downloading pyasn1-0.6.3-py3-none-any.whl (83 kB)
Downloading email_validator-2.3.0-py3-none-any.whl (35 kB)
Downloading dnspython-2.8.0-py3-none-any.whl (331 kB)
Downloading idna-3.18-py3-none-any.whl (65 kB)
Downloading pygments-2.20.0-py3-none-any.whl (1.2 MB)
   ---------------------------------------- 1.2/1.2 MB 8.6 MB/s  0:00:00
Downloading cryptography-49.0.0-cp311-abi3-win_amd64.whl (3.8 MB)
   ---------------------------------------- 3.8/3.8 MB 10.4 MB/s  0:00:00
Downloading cffi-2.1.0-cp313-cp313-win_amd64.whl (185 kB)
Downloading six-1.17.0-py2.py3-none-any.whl (11 kB)
Downloading starlette-1.3.1-py3-none-any.whl (73 kB)
Downloading anyio-4.14.1-py3-none-any.whl (124 kB)
Downloading typing_extensions-4.16.0-py3-none-any.whl (45 kB)
Downloading typing_inspection-0.4.2-py3-none-any.whl (14 kB)
Downloading pycparser-3.0-py3-none-any.whl (48 kB)
Installing collected packages: passlib, typing-extensions, six, python-multipart, python-dotenv, pygments, pycparser, pyasn1, pluggy, packaging, iniconfig, idna, h11, greenlet, dnspython, colorama, bcrypt, annotated-types, annotated-doc, typing-inspection, sqlalchemy, rsa, pytest, pydantic-core, email-validator, ecdsa, click, cffi, anyio, uvicorn, starlette, python-jose, pydantic, cryptography, fastapi

Successfully installed annotated-doc-0.0.4 annotated-types-0.7.0 anyio-4.14.1 bcrypt-5.0.0 cffi-2.1.0 click-8.4.2 colorama-0.4.6 cryptography-49.0.0 dnspython-2.8.0 ecdsa-0.19.2 email-validator-2.3.0 fastapi-0.139.0 greenlet-3.5.3 h11-0.16.0 idna-3.18 iniconfig-2.3.0 packaging-26.2 passlib-1.7.4 pluggy-1.6.0 pyasn1-0.6.3 pycparser-3.0 pydantic-2.13.4 pydantic-core-2.46.4 pygments-2.20.0 pytest-9.1.1 python-dotenv-1.2.2 python-jose-3.5.0 python-multipart-0.0.32 rsa-4.9.1 six-1.17.0 sqlalchemy-2.0.51 starlette-1.3.1 typing-extensions-4.16.0 typing-inspection-0.4.2 uvicorn-0.50.2
